<?xml version="1.0" encoding="UTF-8"?>
<!-- Generated by org.testng.reporters.JUnitReportReporter -->
<testsuite hostname="Suman" failures="0" tests="2" name="qaclickacademy.com.SeleniumTest" time="0.000" errors="0" timestamp="2023-12-22T11:06:58 IST" skipped="0">
  <testcase classname="qaclickacademy.com.SeleniumTest" name="BrowserAutomation" time="0.000"/>
  <testcase classname="qaclickacademy.com.SeleniumTest" name="elementUI" time="0.000"/>
</testsuite> <!-- qaclickacademy.com.SeleniumTest -->
