<?xml version="1.0" encoding="UTF-8"?>
<!-- Generated by org.testng.reporters.JUnitReportReporter -->
<testsuite hostname="Suman" failures="0" tests="2" name="qaclickacademy.com.AppiumTest" time="0.006" errors="0" timestamp="2023-12-22T11:06:58 IST" skipped="0">
  <testcase classname="qaclickacademy.com.AppiumTest" name="IOSApps" time="0.001"/>
  <testcase classname="qaclickacademy.com.AppiumTest" name="AndroidApps" time="0.005"/>
</testsuite> <!-- qaclickacademy.com.AppiumTest -->
