<?xml version="1.0" encoding="UTF-8"?>
<!-- Generated by org.testng.reporters.JUnitReportReporter -->
<testsuite hostname="Suman" failures="0" tests="2" name="qaclickacademy.com.RESTAPITest" time="0.001" errors="0" timestamp="2023-12-22T11:06:43 IST" skipped="0">
  <testcase classname="qaclickacademy.com.RESTAPITest" name="deleteTwitter" time="0.000"/>
  <testcase classname="qaclickacademy.com.RESTAPITest" name="postJira" time="0.001"/>
</testsuite> <!-- qaclickacademy.com.RESTAPITest -->
